TouchApp/build/intermediates/manifest_merge_blame_file/debug/manifest-merger-blame-debug-report.txt
1<?xml version="1.0" encoding="utf-8"?>
2<manifest xmlns:android="http://schemas.android.com/apk/res/android"
3    package="com.example.TouchApp"
4    android:versionCode="1"
5    android:versionName="1.0" >
6
7    <uses-sdk
8        android:minSdkVersion="16"
8-->src/main/AndroidManifest.xml
9        android:targetSdkVersion="30" />
9-->src/main/AndroidManifest.xml
10
11    <uses-permission android:name="android.permission.INTERNET" />
11-->src/main/AndroidManifest.xml:5:5-67
11-->src/main/AndroidManifest.xml:5:22-64
12    <uses-permission android:name="android.permission.VIBRATE" />
12-->src/main/AndroidManifest.xml:6:5-66
12-->src/main/AndroidManifest.xml:6:22-63
13    <uses-permission android:name="android.permission.ACCESS_WIFI_STATE" />
13-->src/main/AndroidManifest.xml:7:5-76
13-->src/main/AndroidManifest.xml:7:22-73
14    <uses-permission android:name="android.permission.ACCESS_NETWORK_STATE" />
14-->src/main/AndroidManifest.xml:8:5-79
14-->src/main/AndroidManifest.xml:8:22-76
15    <uses-permission android:name="android.permission.CHANGE_WIFI_STATE" />
15-->src/main/AndroidManifest.xml:9:5-76
15-->src/main/AndroidManifest.xml:9:22-73
16    <uses-permission android:name="android.permission.CHANGE_NETWORK_STATE" />
16-->src/main/AndroidManifest.xml:10:5-79
16-->src/main/AndroidManifest.xml:10:22-76
17
18    <application
18-->src/main/AndroidManifest.xml:12:5-28:19
19        android:allowBackup="true"
19-->src/main/AndroidManifest.xml:13:9-35
20        android:appComponentFactory="androidx.core.app.CoreComponentFactory"
20-->[androidx.core:core:1.3.1] AndroidManifest.xml:24:18-86
21        android:debuggable="true"
22        android:icon="@mipmap/ic_launcher"
22-->src/main/AndroidManifest.xml:14:9-43
23        android:label="TouchApp"
23-->src/main/AndroidManifest.xml:15:9-33
24        android:roundIcon="@mipmap/ic_launcher_round"
24-->src/main/AndroidManifest.xml:16:9-54
25        android:supportsRtl="true"
25-->src/main/AndroidManifest.xml:17:9-35
26        android:theme="@style/Theme.App"
26-->src/main/AndroidManifest.xml:18:9-41
27        android:usesCleartextTraffic="true" >
27-->src/main/AndroidManifest.xml:19:9-44
28        <activity android:name="com.example.TouchApp.MainActivity" >
28-->src/main/AndroidManifest.xml:20:9-26:20
28-->src/main/AndroidManifest.xml:20:19-67
29            <intent-filter>
29-->src/main/AndroidManifest.xml:21:13-25:29
30                <action android:name="android.intent.action.MAIN" />
30-->src/main/AndroidManifest.xml:22:17-69
30-->src/main/AndroidManifest.xml:22:25-66
31
32                <category android:name="android.intent.category.LAUNCHER" />
32-->src/main/AndroidManifest.xml:24:17-77
32-->src/main/AndroidManifest.xml:24:27-74
33            </intent-filter>
34        </activity>
35    </application>
36
37</manifest>